\BOOKMARK [1][-]{Doc-Start}{Abstract}{}% 1
\BOOKMARK [1][-]{section.1}{Introduction}{}% 2
\BOOKMARK [1][-]{section.2}{Distribution and abundance of parasites}{}% 3
\BOOKMARK [1][-]{section.3}{Parasite infection by egg ingestion}{}% 4
\BOOKMARK [2][-]{subsection.3.1}{Distribution of parasites by sex}{section.3}% 5
\BOOKMARK [2][-]{subsection.3.2}{Fertilized female parasites}{section.3}% 6
\BOOKMARK [2][-]{subsection.3.3}{Density-dependent fecundity}{section.3}% 7
\BOOKMARK [2][-]{subsection.3.4}{Egg production and mating probability}{section.3}% 8
\BOOKMARK [2][-]{subsection.3.5}{An application for mean burden-based models for helminth infections}{section.3}% 9
\BOOKMARK [2][-]{subsection.3.6}{Some examples}{section.3}% 10
\BOOKMARK [3][-]{subsubsection.3.6.1}{Poisson}{subsection.3.6}% 11
\BOOKMARK [3][-]{subsubsection.3.6.2}{Negative binomial}{subsection.3.6}% 12
\BOOKMARK [3][-]{subsubsection.3.6.3}{Zero-inflated and hurdle Models}{subsection.3.6}% 13
\BOOKMARK [3][-]{subsubsection.3.6.4}{Zero-inflated Poisson and zero-inflated negative binomial models}{subsection.3.6}% 14
\BOOKMARK [1][-]{section.4}{Parasite infection by skin-penetrating}{}% 15
\BOOKMARK [2][-]{subsection.4.1}{Distribution of parasites by sex}{section.4}% 16
\BOOKMARK [2][-]{subsection.4.2}{Some examples}{section.4}% 17
\BOOKMARK [3][-]{subsubsection.4.2.1}{Poisson}{subsection.4.2}% 18
\BOOKMARK [3][-]{subsubsection.4.2.2}{Negative binomial}{subsection.4.2}% 19
\BOOKMARK [3][-]{subsubsection.4.2.3}{Zero-inflated negative binomial}{subsection.4.2}% 20
\BOOKMARK [1][-]{section.5}{Monte Carlo simulation}{}% 21
\BOOKMARK [2][-]{subsection.5.1}{Parasite infection by egg ingestion}{section.5}% 22
\BOOKMARK [3][-]{subsubsection.5.1.1}{Model assumptions}{subsection.5.1}% 23
\BOOKMARK [2][-]{subsection.5.2}{Parasite infection by skin-penetrating}{section.5}% 24
\BOOKMARK [2][-]{subsection.5.3}{Some examples}{section.5}% 25
\BOOKMARK [3][-]{subsubsection.5.3.1}{Negative Binomial}{subsection.5.3}% 26
\BOOKMARK [3][-]{subsubsection.5.3.2}{Zero-inflated negative binomial}{subsection.5.3}% 27
\BOOKMARK [1][-]{section.6}{Discussion and Conclusions}{}% 28
\BOOKMARK [1][-]{section*.4}{References}{}% 29
\BOOKMARK [1][-]{appendix.A}{Appendix}{}% 30
\BOOKMARK [2][-]{subsection.A.1}{Mean number of fertilized female parasites}{appendix.A}% 31
\BOOKMARK [2][-]{subsection.A.2}{Mean egg production per host}{appendix.A}% 32
\BOOKMARK [2][-]{subsection.A.3}{Mean fertilized egg production per host}{appendix.A}% 33
\BOOKMARK [2][-]{subsection.A.4}{Independence in the variables F and M}{appendix.A}% 34
