\BOOKMARK [1][-]{Doc-Start}{Abstract}{}% 1
\BOOKMARK [1][-]{section.1}{Introduction}{}% 2
\BOOKMARK [1][-]{section.2}{Distribution of parasites according to the sex}{}% 3
\BOOKMARK [1][-]{section.3}{Mating probability}{}% 4
\BOOKMARK [2][-]{subsection.3.1}{Mean number of fertilized female parasites and mating probability \(density-independent\)}{section.3}% 5
\BOOKMARK [2][-]{subsection.3.2}{Density-dependent fecundity}{section.3}% 6
\BOOKMARK [2][-]{subsection.3.3}{Mean egg production per host}{section.3}% 7
\BOOKMARK [2][-]{subsection.3.4}{Mean fertilized egg production}{section.3}% 8
\BOOKMARK [2][-]{subsection.3.5}{Mating probability and density-dependence effects}{section.3}% 9
\BOOKMARK [2][-]{subsection.3.6}{Mean effective transmission contribution per female parasite}{section.3}% 10
\BOOKMARK [1][-]{section.4}{Some examples}{}% 11
\BOOKMARK [2][-]{subsection.4.1}{Poisson}{section.4}% 12
\BOOKMARK [2][-]{subsection.4.2}{Negative binomial}{section.4}% 13
\BOOKMARK [2][-]{subsection.4.3}{Zero-inflated and hurdle Models}{section.4}% 14
\BOOKMARK [3][-]{subsubsection.4.3.1}{Zero-inflated Poisson and zero-inflated negative binomial models}{subsection.4.3}% 15
\BOOKMARK [1][-]{section.5}{Independence in the variables F and M}{}% 16
\BOOKMARK [2][-]{subsection.5.1}{Some examples}{section.5}% 17
\BOOKMARK [3][-]{subsubsection.5.1.1}{Poisson}{subsection.5.1}% 18
\BOOKMARK [3][-]{subsubsection.5.1.2}{Negative binomial}{subsection.5.1}% 19
\BOOKMARK [1][-]{section.6}{Discussion and Conclusions}{}% 20
\BOOKMARK [1][-]{section*.4}{Bibliography}{}% 21
\BOOKMARK [1][-]{appendix.A}{Appendix}{}% 22
\BOOKMARK [2][-]{subsection.A.1}{Mean number of fertilized female parasites}{appendix.A}% 23
\BOOKMARK [2][-]{subsection.A.2}{Mean egg production per host}{appendix.A}% 24
\BOOKMARK [2][-]{subsection.A.3}{Mean fertilized egg production per host}{appendix.A}% 25
\BOOKMARK [2][-]{subsection.A.4}{Independence in the variables F and M}{appendix.A}% 26
